<?xml version="1.0" encoding="utf-8" standalone="no"?>
<!--This file represents the results of running a test suite-->
<test-results name="C:\Users\Chad\src\HTTParty.NET\HTTPartyTests\HTTPartyTests.csproj" total="1" errors="0" failures="0" not-run="0" inconclusive="0" ignored="0" skipped="0" invalid="0" date="2010-01-28" time="16:43:34">
  <environment nunit-version="2.5.3.9345" clr-version="2.0.50727.4927" os-version="Microsoft Windows NT 6.1.7600.0" platform="Win32NT" cwd="C:\Users\Chad\src\HTTParty.NET\HTTPartyTests" machine-name="OWNER-PC" user="Chad" user-domain="owner-PC" />
  <culture-info current-culture="en-US" current-uiculture="en-US" />
  <test-suite name="C:\Users\Chad\src\HTTParty.NET\HTTPartyTests\HTTPartyTests.csproj" executed="True" success="True" time="0.129" asserts="0">
    <results>
      <test-suite name="C:\Users\Chad\src\HTTParty.NET\HTTPartyTests\bin\Debug\HTTPartyTests.dll" executed="True" success="True" time="0.088" asserts="0">
        <results>
          <test-suite name="HTTPartyTests" executed="True" success="True" time="0.082" asserts="0">
            <results>
              <test-suite name="HTTPartyTest" executed="True" success="True" time="0.067" asserts="0">
                <results>
                  <test-case name="HTTPartyTests.HTTPartyTest.CallToGetReturnsHTTPartyResponseObject" executed="True" success="True" time="0.047" asserts="1" />
                </results>
              </test-suite>
            </results>
          </test-suite>
        </results>
      </test-suite>
    </results>
  </test-suite>
</test-results>